<?xml version="1.0" encoding="UTF-8"?>
<!-- Generated by org.testng.reporters.JUnitXMLReporter -->
<testsuite ignored="0" hostname="DESKTOP-G25VQ67" failures="0" tests="3" name="Default test" time="0.168" errors="0" timestamp="2024-05-21T22:48:08 IST">
  <testcase classname="com.sam.grouping.Test1" name="TC1" time="0.042"/>
  <testcase classname="com.sam.grouping.Test1" name="TC2" time="0.001"/>
  <testcase classname="com.sam.grouping.Test1" name="TC3" time="0.003"/>
</testsuite> <!-- Default test -->
