<?xml version="1.0" encoding="UTF-8"?>
<!-- Generated by org.testng.reporters.JUnitXMLReporter -->
<testsuite ignored="1" hostname="DESKTOP-G25VQ67" failures="0" tests="2" name="Login" time="21.549" errors="0" timestamp="2024-02-25T10:44:11 IST">
  <testcase classname="com.sam.test.Firsttest" name="launchapp" time="6.318"/>
  <testcase classname="com.sam.test.Firsttest" name="Enterlogindetails" time="10.97"/>
  <testcase classname="com.sam.test.Firsttest" name="Verifyname" time="0.0">
    <ignored/>
  </testcase> <!-- Verifyname -->
</testsuite> <!-- Login -->
