<?xml version="1.0" encoding="UTF-8"?>
<!-- Generated by org.testng.reporters.JUnitXMLReporter -->
<testsuite ignored="1" hostname="DESKTOP-G25VQ67" failures="0" tests="6" name="Testing" time="0.141" errors="0" timestamp="2024-03-02T09:58:28 IST">
  <testcase classname="com.sam.grouping.Test2" name="TC4" time="0.018"/>
  <testcase classname="com.sam.grouping.Test2" name="TC5" time="0.003"/>
  <testcase classname="com.sam.grouping.Test2" name="TC6" time="0.002"/>
  <testcase classname="com.sam.grouping.Test2" name="TC7" time="0.003"/>
  <testcase classname="com.sam.grouping.Test1" name="TC1" time="0.005"/>
  <testcase classname="com.sam.grouping.Test1" name="TC3" time="0.009"/>
  <testcase classname="com.sam.grouping.Test1" name="TC2" time="0.0">
    <ignored/>
  </testcase> <!-- TC2 -->
</testsuite> <!-- Testing -->
