<?xml version="1.0" encoding="UTF-8"?>
<!-- Generated by org.testng.reporters.JUnitXMLReporter -->
<testsuite ignored="0" hostname="DESKTOP-G25VQ67" failures="1" tests="1" name="Testing" time="22.762" errors="0" timestamp="2024-03-02T12:48:39 IST">
  <testcase classname="com.sam.screenshot.baseclass" name="@AfterClass teardown" time="0.001">
    <failure type="java.lang.NullPointerException" message="Cannot invoke &amp;quot;org.openqa.selenium.WebDriver.quit()&amp;quot; because &amp;quot;com.sam.screenshot.baseclass.driver&amp;quot; is null">
      <![CDATA[java.lang.NullPointerException: Cannot invoke "org.openqa.selenium.WebDriver.quit()" because "com.sam.screenshot.baseclass.driver" is null
at com.sam.screenshot.baseclass.teardown(baseclass.java:27)
at java.base/java.util.ArrayList.forEach(ArrayList.java:1511)
... Removed 24 stack frames]]>
    </failure>
  </testcase> <!-- @AfterClass teardown -->
  <testcase classname="com.sam.screenshot.baseclass" name="takescreenshot" time="0.0">
    <failure type="org.testng.TestNGException" message="
Cannot inject @Test annotated Method [takescreenshot] with [class java.lang.String].
For more information on native dependency injection please refer to https://testng.org/doc/documentation-main.html#native-dependency-injection">
      <![CDATA[org.testng.TestNGException: 
Cannot inject @Test annotated Method [takescreenshot] with [class java.lang.String].
For more information on native dependency injection please refer to https://testng.org/doc/documentation-main.html#native-dependency-injection
at java.base/java.util.ArrayList.forEach(ArrayList.java:1511)
... Removed 26 stack frames]]>
    </failure>
  </testcase> <!-- takescreenshot -->
</testsuite> <!-- Testing -->
